[debug] [2020-03-11T16:28:39.175Z] ----------------------------------------------------------------------
[debug] [2020-03-11T16:28:39.176Z] Command:       /usr/local/bin/node /usr/local/bin/firebase serve
[debug] [2020-03-11T16:28:39.176Z] CLI Version:   7.12.1
[debug] [2020-03-11T16:28:39.176Z] Platform:      darwin
[debug] [2020-03-11T16:28:39.176Z] Node Version:  v10.16.2
[debug] [2020-03-11T16:28:39.180Z] Time:          Wed Mar 11 2020 11:28:39 GMT-0500 (Central Daylight Time)
[debug] [2020-03-11T16:28:39.180Z] ----------------------------------------------------------------------
[debug] [2020-03-11T16:28:39.180Z] 
[debug] [2020-03-11T16:28:39.193Z] > command requires scopes: ["email","openid","https://www.googleapis.com/auth/cloudplatformprojects.readonly","https://www.googleapis.com/auth/firebase","https://www.googleapis.com/auth/cloud-platform"]
[debug] [2020-03-11T16:28:39.193Z] > authorizing via signed-in user
[debug] [2020-03-11T16:28:39.193Z] [iam] checking project web-color-generator-3f213 for permissions ["firebase.projects.get"]
[debug] [2020-03-11T16:28:39.195Z] > refreshing access token with scopes: ["email","https://www.googleapis.com/auth/cloud-platform","https://www.googleapis.com/auth/cloudplatformprojects.readonly","https://www.googleapis.com/auth/firebase","openid"]
[debug] [2020-03-11T16:28:39.195Z] >>> HTTP REQUEST POST https://www.googleapis.com/oauth2/v3/token  
 <request body omitted>
[debug] [2020-03-11T16:28:39.498Z] <<< HTTP RESPONSE 200
[debug] [2020-03-11T16:28:39.511Z] >>> HTTP REQUEST POST https://cloudresourcemanager.googleapis.com/v1/projects/web-color-generator-3f213:testIamPermissions  

[debug] [2020-03-11T16:28:39.824Z] <<< HTTP RESPONSE 200
[debug] [2020-03-11T16:28:39.825Z] >>> HTTP REQUEST GET https://firebase.googleapis.com/v1beta1/projects/web-color-generator-3f213  
 
[debug] [2020-03-11T16:28:40.155Z] <<< HTTP RESPONSE 200
[info] 
[info] === Serving from '/Users/arohan/Google Drive/Projects/Dev/colorPicker'...
[info] 
[debug] [2020-03-11T16:28:40.158Z] >>> HTTP REQUEST GET https://firebase.googleapis.com/v1beta1/projects/web-color-generator-3f213/webApps/-/config  
 
[debug] [2020-03-11T16:28:40.569Z] <<< HTTP RESPONSE 200
[info] i  hosting: Serving hosting files from: dist
[info] ✔  hosting: Local server: http://localhost:5000
